Post Processor Report
OrCAD FILE: M:\PROJECTS\ORCAD\ATMEGADIMMER\HARDWARE\DIMMER_ATMEGA.MAX
Tue May 17 15:42:36 2016

*********************************************************

Output file: M:\PROJECTS\ORCAD\ATMEGADIMMER\HARDWARE\DIMMER_ATMEGA.TOP

Aperture totals for M:\PROJECTS\ORCAD\ATMEGADIMMER\HARDWARE\DIMMER_ATMEGA.TOP:
---------------------------------------------------------
D10:  0.0620 ROUND  --       0 Draws,      44 Flashes
D11:  0.0550 ROUND  --       0 Draws,       3 Flashes
D12:  0.0580 SQUARE --       0 Draws,       2 Flashes
D13:  0.0520 ROUND  --       0 Draws,       1 Flashes
D14:  0.0520 SQUARE --       0 Draws,       1 Flashes
D15:  0.0750 ROUND  --       0 Draws,       4 Flashes
D16:  0.0750 SQUARE --       0 Draws,       2 Flashes
D17:  0.0580 ROUND  --       0 Draws,      27 Flashes
D18:  0.0630 ROUND  --       0 Draws,       8 Flashes
D19:  0.0630 SQUARE --       0 Draws,       2 Flashes
D20:  0.0610 ROUND  --       0 Draws,       7 Flashes
D21:  0.0787 ROUND  --       0 Draws,       2 Flashes
D22:  0.0610 SQUARE --       0 Draws,       2 Flashes
D23:  0.0984 ROUND  --       0 Draws,       2 Flashes
D24:  0.0984 SQUARE --       0 Draws,       2 Flashes
D25:  0.1100 ROUND  --       0 Draws,       4 Flashes
D26:  0.0010 ROUND  --      27 Draws,       0 Flashes
D27:  0.0100 ROUND  --       5 Draws,       0 Flashes
D28:  0.0500 ROUND  --       0 Draws,       4 Flashes
---------------------------------------------------------
 19 D-Codes      -----      32 Draws,     117 Flashes

*********************************************************

Output file: M:\PROJECTS\ORCAD\ATMEGADIMMER\HARDWARE\DIMMER_ATMEGA.BOT

Aperture totals for M:\PROJECTS\ORCAD\ATMEGADIMMER\HARDWARE\DIMMER_ATMEGA.BOT:
---------------------------------------------------------
D10:  0.0620 ROUND  --       0 Draws,      44 Flashes
D11:  0.0550 ROUND  --       0 Draws,       3 Flashes
D12:  0.0580 SQUARE --       0 Draws,       2 Flashes
D13:  0.0520 ROUND  --       0 Draws,       1 Flashes
D14:  0.0520 SQUARE --       0 Draws,       1 Flashes
D15:  0.0750 ROUND  --       0 Draws,       4 Flashes
D16:  0.0750 SQUARE --       0 Draws,       2 Flashes
D17:  0.0580 ROUND  --       0 Draws,      27 Flashes
D18:  0.0630 ROUND  --       0 Draws,       8 Flashes
D19:  0.0630 SQUARE --       0 Draws,       2 Flashes
D20:  0.0610 ROUND  --       0 Draws,       7 Flashes
D21:  0.0787 ROUND  --       0 Draws,       2 Flashes
D22:  0.0610 SQUARE --       0 Draws,       2 Flashes
D23:  0.0984 ROUND  --       0 Draws,       2 Flashes
D24:  0.0984 SQUARE --       0 Draws,       2 Flashes
D28:  0.0500 ROUND  --       0 Draws,       4 Flashes
D29:  0.0600 SQUARE --       0 Draws,      58 Flashes
D30:  0.1000 ROUND  --       0 Draws,       4 Flashes
D32:  0.0120 ROUND  --     206 Draws,       0 Flashes
D33:  0.0787 ROUND  --      55 Draws,       0 Flashes
D60:  0.0118 ROUND  --      55 Draws,       0 Flashes
---------------------------------------------------------
 21 D-Codes      -----     316 Draws,     175 Flashes

*********************************************************

Output file: M:\PROJECTS\ORCAD\ATMEGADIMMER\HARDWARE\DIMMER_ATMEGA.GND

Aperture totals for M:\PROJECTS\ORCAD\ATMEGADIMMER\HARDWARE\DIMMER_ATMEGA.GND:
---------------------------------------------------------
D15:  0.0750 ROUND  --       0 Draws,       3 Flashes
D34:  0.0700 ROUND  --       0 Draws,      42 Flashes
D35:  0.0780 SQUARE --       0 Draws,       2 Flashes
D36:  0.0720 ROUND  --       0 Draws,       1 Flashes
D37:  0.0720 SQUARE --       0 Draws,       1 Flashes
D38:  0.0950 ROUND  --       0 Draws,       4 Flashes
D39:  0.0950 SQUARE --       0 Draws,       2 Flashes
D40:  0.0780 ROUND  --       0 Draws,      27 Flashes
D41:  0.0866 ROUND  --       0 Draws,       8 Flashes
D42:  0.0866 SQUARE --       0 Draws,       2 Flashes
D43:  0.0810 ROUND  --       0 Draws,       7 Flashes
D44:  0.0945 ROUND  --       0 Draws,       2 Flashes
D45:  0.0810 SQUARE --       0 Draws,       2 Flashes
D46:  0.1181 ROUND  --       0 Draws,       2 Flashes
D47:  0.1181 SQUARE --       0 Draws,       2 Flashes
D48:  0.0800 ROUND  --       0 Draws,       2 Flashes
D49:  0.1400 ROUND  --       0 Draws,       4 Flashes
D50:  0.0500 ROUND  --       6 Draws,       0 Flashes
D51:  0.0750 ROUND  --       0 Draws,       4 Flashes
---------------------------------------------------------
 19 D-Codes      -----       6 Draws,     117 Flashes

*********************************************************

Output file: M:\PROJECTS\ORCAD\ATMEGADIMMER\HARDWARE\DIMMER_ATMEGA.PWR

Aperture totals for M:\PROJECTS\ORCAD\ATMEGADIMMER\HARDWARE\DIMMER_ATMEGA.PWR:
---------------------------------------------------------
D15:  0.0750 ROUND  --       0 Draws,       3 Flashes
D34:  0.0700 ROUND  --       0 Draws,      42 Flashes
D35:  0.0780 SQUARE --       0 Draws,       2 Flashes
D36:  0.0720 ROUND  --       0 Draws,       1 Flashes
D37:  0.0720 SQUARE --       0 Draws,       1 Flashes
D38:  0.0950 ROUND  --       0 Draws,       4 Flashes
D39:  0.0950 SQUARE --       0 Draws,       2 Flashes
D40:  0.0780 ROUND  --       0 Draws,      27 Flashes
D41:  0.0866 ROUND  --       0 Draws,       8 Flashes
D42:  0.0866 SQUARE --       0 Draws,       2 Flashes
D43:  0.0810 ROUND  --       0 Draws,       7 Flashes
D44:  0.0945 ROUND  --       0 Draws,       2 Flashes
D45:  0.0810 SQUARE --       0 Draws,       2 Flashes
D46:  0.1181 ROUND  --       0 Draws,       2 Flashes
D47:  0.1181 SQUARE --       0 Draws,       2 Flashes
D48:  0.0800 ROUND  --       0 Draws,       2 Flashes
D49:  0.1400 ROUND  --       0 Draws,       4 Flashes
D50:  0.0500 ROUND  --       6 Draws,       0 Flashes
D51:  0.0750 ROUND  --       0 Draws,       4 Flashes
---------------------------------------------------------
 19 D-Codes      -----       6 Draws,     117 Flashes

*********************************************************

Output file: M:\PROJECTS\ORCAD\ATMEGADIMMER\HARDWARE\DIMMER_ATMEGA.SMT

Aperture totals for M:\PROJECTS\ORCAD\ATMEGADIMMER\HARDWARE\DIMMER_ATMEGA.SMT:
---------------------------------------------------------
D11:  0.0550 ROUND  --       0 Draws,       3 Flashes
D12:  0.0580 SQUARE --       0 Draws,       2 Flashes
D13:  0.0520 ROUND  --       0 Draws,       1 Flashes
D14:  0.0520 SQUARE --       0 Draws,       1 Flashes
D15:  0.0750 ROUND  --       0 Draws,       4 Flashes
D16:  0.0750 SQUARE --       0 Draws,       2 Flashes
D17:  0.0580 ROUND  --       0 Draws,      27 Flashes
D18:  0.0630 ROUND  --       0 Draws,       8 Flashes
D19:  0.0630 SQUARE --       0 Draws,       2 Flashes
D20:  0.0610 ROUND  --       0 Draws,       7 Flashes
D21:  0.0787 ROUND  --       0 Draws,       2 Flashes
D22:  0.0610 SQUARE --       0 Draws,       2 Flashes
D23:  0.0984 ROUND  --       0 Draws,       2 Flashes
D24:  0.0984 SQUARE --       0 Draws,       2 Flashes
D52:  0.0669 ROUND  --       0 Draws,       4 Flashes
D53:  0.0670 ROUND  --       0 Draws,      40 Flashes
D54:  0.1050 ROUND  --       0 Draws,       4 Flashes
D55:  0.0550 ROUND  --       0 Draws,       4 Flashes
---------------------------------------------------------
 18 D-Codes      -----       0 Draws,     117 Flashes

*********************************************************

Output file: M:\PROJECTS\ORCAD\ATMEGADIMMER\HARDWARE\DIMMER_ATMEGA.SMB

Aperture totals for M:\PROJECTS\ORCAD\ATMEGADIMMER\HARDWARE\DIMMER_ATMEGA.SMB:
---------------------------------------------------------
D11:  0.0550 ROUND  --       0 Draws,       3 Flashes
D12:  0.0580 SQUARE --       0 Draws,       2 Flashes
D13:  0.0520 ROUND  --       0 Draws,       1 Flashes
D14:  0.0520 SQUARE --       0 Draws,       1 Flashes
D15:  0.0750 ROUND  --       0 Draws,       4 Flashes
D16:  0.0750 SQUARE --       0 Draws,       2 Flashes
D17:  0.0580 ROUND  --       0 Draws,      27 Flashes
D18:  0.0630 ROUND  --       0 Draws,       8 Flashes
D19:  0.0630 SQUARE --       0 Draws,       2 Flashes
D20:  0.0610 ROUND  --       0 Draws,       7 Flashes
D21:  0.0787 ROUND  --       0 Draws,       2 Flashes
D22:  0.0610 SQUARE --       0 Draws,       2 Flashes
D23:  0.0984 ROUND  --       0 Draws,       2 Flashes
D24:  0.0984 SQUARE --       0 Draws,       2 Flashes
D29:  0.0600 SQUARE --       0 Draws,      58 Flashes
D52:  0.0669 ROUND  --       0 Draws,       4 Flashes
D53:  0.0670 ROUND  --       0 Draws,      40 Flashes
D54:  0.1050 ROUND  --       0 Draws,       4 Flashes
D55:  0.0550 ROUND  --       0 Draws,       4 Flashes
---------------------------------------------------------
 19 D-Codes      -----       0 Draws,     175 Flashes

*********************************************************

Output file: M:\PROJECTS\ORCAD\ATMEGADIMMER\HARDWARE\DIMMER_ATMEGA.SST

Aperture totals for M:\PROJECTS\ORCAD\ATMEGADIMMER\HARDWARE\DIMMER_ATMEGA.SST:
---------------------------------------------------------
D27:  0.0100 ROUND  --     295 Draws,       0 Flashes
D31:  0.0080 ROUND  --     309 Draws,       0 Flashes
D56:  0.0098 ROUND  --      64 Draws,       0 Flashes
D57:  0.0078 ROUND  --      12 Draws,       0 Flashes
---------------------------------------------------------
  4 D-Codes      -----     680 Draws,       0 Flashes

*********************************************************

Output file: M:\PROJECTS\ORCAD\ATMEGADIMMER\HARDWARE\DIMMER_ATMEGA.AST

Aperture totals for M:\PROJECTS\ORCAD\ATMEGADIMMER\HARDWARE\DIMMER_ATMEGA.AST:
---------------------------------------------------------
D11:  0.0550 ROUND  --       0 Draws,       3 Flashes
D12:  0.0580 SQUARE --       0 Draws,       2 Flashes
D13:  0.0520 ROUND  --       0 Draws,       1 Flashes
D14:  0.0520 SQUARE --       0 Draws,       1 Flashes
D15:  0.0750 ROUND  --       0 Draws,       4 Flashes
D16:  0.0750 SQUARE --       0 Draws,       2 Flashes
D17:  0.0580 ROUND  --       0 Draws,      27 Flashes
D18:  0.0630 ROUND  --       0 Draws,       8 Flashes
D19:  0.0630 SQUARE --       0 Draws,       2 Flashes
D20:  0.0610 ROUND  --       0 Draws,       7 Flashes
D22:  0.0610 SQUARE --       0 Draws,       2 Flashes
D27:  0.0100 ROUND  --     564 Draws,       0 Flashes
D31:  0.0080 ROUND  --     662 Draws,       0 Flashes
D50:  0.0500 ROUND  --       6 Draws,       0 Flashes
D56:  0.0098 ROUND  --      36 Draws,       0 Flashes
---------------------------------------------------------
 15 D-Codes      -----    1268 Draws,      59 Flashes

*********************************************************

Output file: M:\PROJECTS\ORCAD\ATMEGADIMMER\HARDWARE\DIMMER_ATMEGA.DRD

Aperture totals for M:\PROJECTS\ORCAD\ATMEGADIMMER\HARDWARE\DIMMER_ATMEGA.DRD:
---------------------------------------------------------
D27:  0.0100 ROUND  --    1267 Draws,       0 Flashes
D50:  0.0500 ROUND  --       6 Draws,       0 Flashes
D59:  0.0140 ROUND  --       0 Draws,     113 Flashes
D62:  0.0140 ROUND  --       0 Draws,       5 Flashes
---------------------------------------------------------
  4 D-Codes      -----    1273 Draws,     118 Flashes


*********************************************************

Aperture totals for entire project:
---------------------------------------------------------
D10:  0.0620 ROUND  --       0 Draws,      88 Flashes
D11:  0.0550 ROUND  --       0 Draws,      15 Flashes
D12:  0.0580 SQUARE --       0 Draws,      10 Flashes
D13:  0.0520 ROUND  --       0 Draws,       5 Flashes
D14:  0.0520 SQUARE --       0 Draws,       5 Flashes
D15:  0.0750 ROUND  --       0 Draws,      26 Flashes
D16:  0.0750 SQUARE --       0 Draws,      10 Flashes
D17:  0.0580 ROUND  --       0 Draws,     135 Flashes
D18:  0.0630 ROUND  --       0 Draws,      40 Flashes
D19:  0.0630 SQUARE --       0 Draws,      10 Flashes
D20:  0.0610 ROUND  --       0 Draws,      35 Flashes
D21:  0.0787 ROUND  --       0 Draws,       8 Flashes
D22:  0.0610 SQUARE --       0 Draws,      10 Flashes
D23:  0.0984 ROUND  --       0 Draws,       8 Flashes
D24:  0.0984 SQUARE --       0 Draws,       8 Flashes
D25:  0.1100 ROUND  --       0 Draws,       4 Flashes
D26:  0.0010 ROUND  --      27 Draws,       0 Flashes
D27:  0.0100 ROUND  --    2131 Draws,       0 Flashes
D28:  0.0500 ROUND  --       0 Draws,       8 Flashes
D29:  0.0600 SQUARE --       0 Draws,     116 Flashes
D30:  0.1000 ROUND  --       0 Draws,       4 Flashes
D31:  0.0080 ROUND  --     971 Draws,       0 Flashes
D32:  0.0120 ROUND  --     206 Draws,       0 Flashes
D33:  0.0787 ROUND  --      55 Draws,       0 Flashes
D34:  0.0700 ROUND  --       0 Draws,      84 Flashes
D35:  0.0780 SQUARE --       0 Draws,       4 Flashes
D36:  0.0720 ROUND  --       0 Draws,       2 Flashes
D37:  0.0720 SQUARE --       0 Draws,       2 Flashes
D38:  0.0950 ROUND  --       0 Draws,       8 Flashes
D39:  0.0950 SQUARE --       0 Draws,       4 Flashes
D40:  0.0780 ROUND  --       0 Draws,      54 Flashes
D41:  0.0866 ROUND  --       0 Draws,      16 Flashes
D42:  0.0866 SQUARE --       0 Draws,       4 Flashes
D43:  0.0810 ROUND  --       0 Draws,      14 Flashes
D44:  0.0945 ROUND  --       0 Draws,       4 Flashes
D45:  0.0810 SQUARE --       0 Draws,       4 Flashes
D46:  0.1181 ROUND  --       0 Draws,       4 Flashes
D47:  0.1181 SQUARE --       0 Draws,       4 Flashes
D48:  0.0800 ROUND  --       0 Draws,       4 Flashes
D49:  0.1400 ROUND  --       0 Draws,       8 Flashes
D50:  0.0500 ROUND  --      24 Draws,       0 Flashes
D51:  0.0750 ROUND  --       0 Draws,       8 Flashes
D52:  0.0669 ROUND  --       0 Draws,       8 Flashes
D53:  0.0670 ROUND  --       0 Draws,      80 Flashes
D54:  0.1050 ROUND  --       0 Draws,       8 Flashes
D55:  0.0550 ROUND  --       0 Draws,       8 Flashes
D56:  0.0098 ROUND  --     100 Draws,       0 Flashes
D57:  0.0078 ROUND  --      12 Draws,       0 Flashes
D59:  0.0140 ROUND  --       0 Draws,     113 Flashes
D60:  0.0118 ROUND  --      55 Draws,       0 Flashes
D62:  0.0140 ROUND  --       0 Draws,       5 Flashes
---------------------------------------------------------
 51 D-Codes      -----    3581 Draws,     995 Flashes


No warnings or errors.
